<?xml version="1.0" encoding="UTF-8"?>
<!-- Generated by org.testng.reporters.JUnitReportReporter -->
<testsuite hostname="DESKTOP-1GQ8CG3" failures="0" tests="1" name="day4.tests.Start" time="10.614" errors="0" timestamp="2025-07-16T09:35:26 IST" skipped="0">
  <testcase classname="day4.tests.Start" name="testScript2" time="10.614"/>
  <system-out/>
</testsuite> <!-- day4.tests.Start -->
